[ 2016-07-25T21:32:51+08:00 ] 127.0.0.1 /hfaw_news/news_cms/Admin/Index/check
INFO: [ app_begin ] --START--
INFO: Run Behavior\ReadHtmlCacheBehavior [ RunTime:0.002710s ]
INFO: [ app_begin ] --END-- [ RunTime:0.004830s ]
SQL: SELECT * FROM `cms_admin` WHERE `username` = 'admin' LIMIT 1   [ RunTime:0.0015s ]

[ 2016-07-25T21:32:59+08:00 ] 127.0.0.1 /hfaw_news/news_cms/Admin/Index/check
INFO: [ app_begin ] --START--
INFO: Run Behavior\ReadHtmlCacheBehavior [ RunTime:0.002149s ]
INFO: [ app_begin ] --END-- [ RunTime:0.004066s ]
SQL: SELECT * FROM `cms_admin` WHERE `username` = 'admin' LIMIT 1   [ RunTime:0.0010s ]

[ 2016-07-25T21:55:12+08:00 ] 127.0.0.1 /hfaw_news/news_cms/Admin/News/updateStatus/id/4
INFO: [ app_begin ] --START--
INFO: Run Behavior\ReadHtmlCacheBehavior [ RunTime:0.002391s ]
INFO: [ app_begin ] --END-- [ RunTime:0.004485s ]
NOTIC: [8] Undefined variable: url E:\PHPProject\hfaw_news\news_cms\Admin\Controller\NewsController.class.php 第 249 行.

[ 2016-07-25T21:55:14+08:00 ] 127.0.0.1 /hfaw_news/news_cms/Admin/news/null
ERR: 非法操作:null

[ 2016-07-25T21:56:20+08:00 ] 127.0.0.1 /hfaw_news/news_cms/Admin/News/updateStatus/id/1
INFO: [ app_begin ] --START--
INFO: Run Behavior\ReadHtmlCacheBehavior [ RunTime:0.002807s ]
INFO: [ app_begin ] --END-- [ RunTime:0.004981s ]
NOTIC: [8] Undefined variable: url E:\PHPProject\hfaw_news\news_cms\Admin\Controller\NewsController.class.php 第 249 行.

[ 2016-07-25T21:56:21+08:00 ] 127.0.0.1 /hfaw_news/news_cms/Admin/news/null
ERR: 非法操作:null

[ 2016-07-25T21:56:49+08:00 ] 127.0.0.1 /hfaw_news/news_cms/Admin/Menu/deleteMenu/id/16
INFO: [ app_begin ] --START--
INFO: Run Behavior\ReadHtmlCacheBehavior [ RunTime:0.002141s ]
INFO: [ app_begin ] --END-- [ RunTime:0.004082s ]
SQL: UPDATE `cms_menu` SET `status`='-1' WHERE `menu_id` = 16 [ RunTime:0.0240s ]
NOTIC: [8] Undefined variable: status E:\PHPProject\hfaw_news\news_cms\Admin\Controller\MenuController.class.php 第 146 行.

[ 2016-07-25T22:01:47+08:00 ] 127.0.0.1 /hfaw_news/news_cms/Admin/News/updateStatus/id/1
INFO: [ app_begin ] --START--
INFO: Run Behavior\ReadHtmlCacheBehavior [ RunTime:0.002121s ]
INFO: [ app_begin ] --END-- [ RunTime:0.004251s ]
SQL: UPDATE `cms_news` SET `status`='-1' WHERE `news_id` = 1 [ RunTime:0.1689s ]

[ 2016-07-25T22:01:55+08:00 ] 127.0.0.1 /hfaw_news/news_cms/Admin/News/updateStatus/id/3
INFO: [ app_begin ] --START--
INFO: Run Behavior\ReadHtmlCacheBehavior [ RunTime:0.002737s ]
INFO: [ app_begin ] --END-- [ RunTime:0.004835s ]
SQL: UPDATE `cms_news` SET `status`='-1' WHERE `news_id` = 3 [ RunTime:0.0010s ]

[ 2016-07-25T22:02:01+08:00 ] 127.0.0.1 /hfaw_news/news_cms/Admin/News/updateStatus/id/4
INFO: [ app_begin ] --START--
INFO: Run Behavior\ReadHtmlCacheBehavior [ RunTime:0.002621s ]
INFO: [ app_begin ] --END-- [ RunTime:0.004682s ]
SQL: UPDATE `cms_news` SET `status`='-1' WHERE `news_id` = 4 [ RunTime:0.0012s ]

[ 2016-07-25T22:03:27+08:00 ] 127.0.0.1 /hfaw_news/news_cms/Admin/News/updateStatus/id/9
INFO: [ app_begin ] --START--
INFO: Run Behavior\ReadHtmlCacheBehavior [ RunTime:0.002323s ]
INFO: [ app_begin ] --END-- [ RunTime:0.004673s ]
SQL: UPDATE `cms_news` SET `status`='-1' WHERE `news_id` = 9 [ RunTime:0.0010s ]

[ 2016-07-25T22:03:32+08:00 ] 127.0.0.1 /hfaw_news/news_cms/Admin/News/updateStatus/id/14
INFO: [ app_begin ] --START--
INFO: Run Behavior\ReadHtmlCacheBehavior [ RunTime:0.002151s ]
INFO: [ app_begin ] --END-- [ RunTime:0.004056s ]
SQL: UPDATE `cms_news` SET `status`='-1' WHERE `news_id` = 14 [ RunTime:0.0009s ]

[ 2016-07-25T22:34:31+08:00 ] 127.0.0.1 /hfaw_news/news_cms/Admin/News/deleteNews/id/19
INFO: [ app_begin ] --START--
INFO: Run Behavior\ReadHtmlCacheBehavior [ RunTime:0.003743s ]
INFO: [ app_begin ] --END-- [ RunTime:0.007029s ]
SQL: UPDATE `cms_news` SET `status`='-1' WHERE `news_id` = 19 [ RunTime:0.0011s ]
SQL: DELETE FROM `cms_news_content` WHERE `news_id` = 19 [ RunTime:0.0364s ]
NOTIC: [8] Undefined variable: status E:\PHPProject\hfaw_news\news_cms\Admin\Controller\NewsController.class.php 第 92 行.

[ 2016-07-25T23:28:11+08:00 ] 127.0.0.1 /hfaw_news/news_cms/Admin/Index/check
INFO: [ app_begin ] --START--
INFO: Run Behavior\ReadHtmlCacheBehavior [ RunTime:0.010445s ]
INFO: [ app_begin ] --END-- [ RunTime:0.012683s ]
SQL: SELECT * FROM `cms_admin` WHERE `username` = 'admin' LIMIT 1   [ RunTime:0.0926s ]

[ 2016-07-25T23:29:05+08:00 ] 127.0.0.1 /hfaw_news/news_cms/Admin/Image/uploadImage
ERR: 非法操作:uploadImage

[ 2016-07-25T23:31:10+08:00 ] 127.0.0.1 /hfaw_news/news_cms/Admin/Image/uploadImage
ERR: 非法操作:uploadImage

[ 2016-07-25T23:32:50+08:00 ] ::1 /hfaw_news/news_cms/Admin/Image/uploadImage
ERR: 非法操作:uploadImage

