[ 2016-07-21T00:11:16+08:00 ] 127.0.0.1 /Admin/Menu/deleteMenu/id/11
INFO: [ app_begin ] --START--
INFO: Run Behavior\ReadHtmlCacheBehavior [ RunTime:0.002277s ]
INFO: [ app_begin ] --END-- [ RunTime:0.004150s ]
SQL: UPDATE `cms_menu` SET `status`='-1' WHERE `menu_id` = 11 [ RunTime:0.0010s ]
NOTIC: [8] Undefined variable: status E:\PHPProject\hfaw_news\news_cms\Admin\Controller\MenuController.class.php 第 111 行.

[ 2016-07-21T00:13:20+08:00 ] 127.0.0.1 /Admin/Menu/deleteMenu/id/8
INFO: [ app_begin ] --START--
INFO: Run Behavior\ReadHtmlCacheBehavior [ RunTime:0.002739s ]
INFO: [ app_begin ] --END-- [ RunTime:0.004855s ]
SQL: UPDATE `cms_menu` SET `status`='-1' WHERE `menu_id` = 8 [ RunTime:0.0011s ]
NOTIC: [8] Undefined variable: status E:\PHPProject\hfaw_news\news_cms\Admin\Controller\MenuController.class.php 第 111 行.

[ 2016-07-21T00:14:19+08:00 ] 127.0.0.1 /Admin/Menu/deleteMenu/id/1
INFO: [ app_begin ] --START--
INFO: Run Behavior\ReadHtmlCacheBehavior [ RunTime:0.002172s ]
INFO: [ app_begin ] --END-- [ RunTime:0.004424s ]
SQL: UPDATE `cms_menu` SET `status`='-1' WHERE `menu_id` = 1 [ RunTime:0.0009s ]
NOTIC: [8] Undefined variable: status E:\PHPProject\hfaw_news\news_cms\Admin\Controller\MenuController.class.php 第 111 行.

[ 2016-07-21T00:14:57+08:00 ] 127.0.0.1 /Admin/Menu/deleteMenu/id/1
INFO: [ app_begin ] --START--
INFO: Run Behavior\ReadHtmlCacheBehavior [ RunTime:0.002116s ]
INFO: [ app_begin ] --END-- [ RunTime:0.003988s ]
SQL: UPDATE `cms_menu` SET `status`='-1' WHERE `menu_id` = 1 [ RunTime:0.0008s ]
NOTIC: [8] Undefined variable: status E:\PHPProject\hfaw_news\news_cms\Admin\Controller\MenuController.class.php 第 111 行.

[ 2016-07-21T00:15:30+08:00 ] 127.0.0.1 /Admin/Menu/deleteMenu/id/6
INFO: [ app_begin ] --START--
INFO: Run Behavior\ReadHtmlCacheBehavior [ RunTime:0.002214s ]
INFO: [ app_begin ] --END-- [ RunTime:0.004373s ]
SQL: UPDATE `cms_menu` SET `status`='-1' WHERE `menu_id` = 6 [ RunTime:0.0010s ]
NOTIC: [8] Undefined variable: status E:\PHPProject\hfaw_news\news_cms\Admin\Controller\MenuController.class.php 第 111 行.

[ 2016-07-21T00:16:10+08:00 ] 127.0.0.1 /Admin/Menu/deleteMenu/id/9
INFO: [ app_begin ] --START--
INFO: Run Behavior\ReadHtmlCacheBehavior [ RunTime:0.002247s ]
INFO: [ app_begin ] --END-- [ RunTime:0.004266s ]
SQL: UPDATE `cms_menu` SET `status`='-1' WHERE `menu_id` = 9 [ RunTime:0.0010s ]
NOTIC: [8] Undefined variable: status E:\PHPProject\hfaw_news\news_cms\Admin\Controller\MenuController.class.php 第 111 行.

[ 2016-07-21T00:17:02+08:00 ] 127.0.0.1 /Admin/Menu/deleteMenu/id/9
INFO: [ app_begin ] --START--
INFO: Run Behavior\ReadHtmlCacheBehavior [ RunTime:0.002132s ]
INFO: [ app_begin ] --END-- [ RunTime:0.004034s ]
SQL: UPDATE `cms_menu` SET `status`='-1' WHERE `menu_id` = 9 [ RunTime:0.0009s ]
NOTIC: [8] Undefined variable: status E:\PHPProject\hfaw_news\news_cms\Admin\Controller\MenuController.class.php 第 111 行.

[ 2016-07-21T00:17:32+08:00 ] 127.0.0.1 /Admin/Menu/deleteMenu/id/3
INFO: [ app_begin ] --START--
INFO: Run Behavior\ReadHtmlCacheBehavior [ RunTime:0.002698s ]
INFO: [ app_begin ] --END-- [ RunTime:0.004793s ]
SQL: UPDATE `cms_menu` SET `status`='-1' WHERE `menu_id` = 3 [ RunTime:0.0010s ]
NOTIC: [8] Undefined variable: status E:\PHPProject\hfaw_news\news_cms\Admin\Controller\MenuController.class.php 第 111 行.

[ 2016-07-21T00:18:43+08:00 ] 127.0.0.1 /Admin/Menu/deleteMenu/id/10
INFO: [ app_begin ] --START--
INFO: Run Behavior\ReadHtmlCacheBehavior [ RunTime:0.002217s ]
INFO: [ app_begin ] --END-- [ RunTime:0.004113s ]
SQL: UPDATE `cms_menu` SET `status`='-1' WHERE `menu_id` = 10 [ RunTime:0.0010s ]
NOTIC: [8] Undefined variable: status E:\PHPProject\hfaw_news\news_cms\Admin\Controller\MenuController.class.php 第 111 行.

[ 2016-07-21T00:42:40+08:00 ] 127.0.0.1 /Admin/Menu/modifyMenu/id/3
INFO: [ app_begin ] --START--
INFO: Run Behavior\ReadHtmlCacheBehavior [ RunTime:0.002762s ]
INFO: [ app_begin ] --END-- [ RunTime:0.004918s ]
SQL: UPDATE `cms_menu` SET `name`='天下足球',`type`='0',`module`='home',`controller`='sports',`action`='football',`status`='1',`description`='足球' WHERE `menu_id` = 3 [ RunTime:0.0011s ]

[ 2016-07-21T00:42:49+08:00 ] 127.0.0.1 /Admin/Menu/modifyMenu/id/10
INFO: [ app_begin ] --START--
INFO: Run Behavior\ReadHtmlCacheBehavior [ RunTime:0.002179s ]
INFO: [ app_begin ] --END-- [ RunTime:0.004158s ]
SQL: UPDATE `cms_menu` SET `name`='推荐位内容管理',`type`='1',`module`='admin',`controller`='positioncontent',`action`='index',`status`='0',`description`='' WHERE `menu_id` = 10 [ RunTime:0.0013s ]

[ 2016-07-21T00:42:58+08:00 ] 127.0.0.1 /Admin/Menu/modifyMenu/id/10
INFO: [ app_begin ] --START--
INFO: Run Behavior\ReadHtmlCacheBehavior [ RunTime:0.002691s ]
INFO: [ app_begin ] --END-- [ RunTime:0.004741s ]
SQL: UPDATE `cms_menu` SET `name`='推荐位内容管理',`type`='1',`module`='admin',`controller`='positioncontent',`action`='index',`status`='1',`description`='' WHERE `menu_id` = 10 [ RunTime:0.0010s ]

[ 2016-07-21T00:43:29+08:00 ] 127.0.0.1 /Admin/Menu/modifyMenu/id/9
INFO: [ app_begin ] --START--
INFO: Run Behavior\ReadHtmlCacheBehavior [ RunTime:0.002088s ]
INFO: [ app_begin ] --END-- [ RunTime:0.003946s ]
SQL: UPDATE `cms_menu` SET `name`='推荐位管理',`type`='1',`module`='admin',`controller`='position',`action`='index',`status`='0',`description`='' WHERE `menu_id` = 9 [ RunTime:0.0011s ]

[ 2016-07-21T00:47:15+08:00 ] 127.0.0.1 /Admin/Menu/modifyMenu/id/6
INFO: [ app_begin ] --START--
INFO: Run Behavior\ReadHtmlCacheBehavior [ RunTime:0.002141s ]
INFO: [ app_begin ] --END-- [ RunTime:0.004223s ]

[ 2016-07-21T00:49:20+08:00 ] 127.0.0.1 /Admin/Menu/modifyMenu/id/1
INFO: [ app_begin ] --START--
INFO: Run Behavior\ReadHtmlCacheBehavior [ RunTime:0.002108s ]
INFO: [ app_begin ] --END-- [ RunTime:0.003977s ]

[ 2016-07-21T00:51:13+08:00 ] 127.0.0.1 /Admin/Menu/modifyMenu/id/1
INFO: [ app_begin ] --START--
INFO: Run Behavior\ReadHtmlCacheBehavior [ RunTime:0.002703s ]
INFO: [ app_begin ] --END-- [ RunTime:0.004740s ]

[ 2016-07-21T00:54:15+08:00 ] 127.0.0.1 /Admin/Menu/modifyMenu/id/1
INFO: [ app_begin ] --START--
INFO: Run Behavior\ReadHtmlCacheBehavior [ RunTime:0.002708s ]
INFO: [ app_begin ] --END-- [ RunTime:0.004723s ]

[ 2016-07-21T00:54:47+08:00 ] 127.0.0.1 /Admin/Menu/modifyMenu/id/1
INFO: [ app_begin ] --START--
INFO: Run Behavior\ReadHtmlCacheBehavior [ RunTime:0.002139s ]
INFO: [ app_begin ] --END-- [ RunTime:0.004039s ]
SQL: UPDATE `cms_menu` SET `name`='菜单管理',`type`='1',`module`='admin',`controller`='menu',`action`='index',`status`='-1',`description`='' WHERE `menu_id` = 1 [ RunTime:0.0010s ]

[ 2016-07-21T00:54:59+08:00 ] 127.0.0.1 /Admin/Menu/modifyMenu/id/6
INFO: [ app_begin ] --START--
INFO: Run Behavior\ReadHtmlCacheBehavior [ RunTime:0.002171s ]
INFO: [ app_begin ] --END-- [ RunTime:0.004090s ]
SQL: UPDATE `cms_menu` SET `name`='文章管理',`type`='1',`module`='admin',`controller`='content',`action`='index',`status`='-1',`description`='文章' WHERE `menu_id` = 6 [ RunTime:0.0012s ]

[ 2016-07-21T00:55:32+08:00 ] 127.0.0.1 /Admin/Menu/modifyMenu/id/6
INFO: [ app_begin ] --START--
INFO: Run Behavior\ReadHtmlCacheBehavior [ RunTime:0.002240s ]
INFO: [ app_begin ] --END-- [ RunTime:0.004211s ]
SQL: UPDATE `cms_menu` SET `name`='文章管理',`type`='1',`module`='admin',`controller`='content',`action`='index',`status`='1',`description`='文章' WHERE `menu_id` = 6 [ RunTime:0.0011s ]

[ 2016-07-21T00:57:35+08:00 ] 127.0.0.1 /Admin/admin/personal
ERR: 无法加载控制器:Admin

[ 2016-07-21T01:06:12+08:00 ] 127.0.0.1 /Admin/index/getPersonInfo
ERR: 参数错误或者未定义:username

